{"total": {"lines":{"total":198,"covered":177,"skipped":0,"pct":89.39},"statements":{"total":219,"covered":195,"skipped":0,"pct":89.04},"functions":{"total":50,"covered":46,"skipped":0,"pct":92},"branches":{"total":28,"covered":21,"skipped":0,"pct":75},"branchesTrue":{"total":0,"covered":0,"skipped":0,"pct":100}}
,"/home/marlon/Workshop/test/desafio_beon_tecnologia/src/controllers/file:/home/marlon/Workshop/test/desafio_beon_tecnologia/src/controllers/Controller.ts": {"lines":{"total":59,"covered":43,"skipped":0,"pct":72.88},"functions":{"total":6,"covered":6,"skipped":0,"pct":100},"statements":{"total":59,"covered":43,"skipped":0,"pct":72.88},"branches":{"total":8,"covered":4,"skipped":0,"pct":50}}
,"/home/marlon/Workshop/test/desafio_beon_tecnologia/src/controllers/file:/home/marlon/Workshop/test/desafio_beon_tecnologia/src/controllers/TodoController.ts": {"lines":{"total":2,"covered":2,"skipped":0,"pct":100},"functions":{"total":0,"covered":0,"skipped":0,"pct":100},"statements":{"total":2,"covered":2,"skipped":0,"pct":100},"branches":{"total":0,"covered":0,"skipped":0,"pct":100}}
,"/home/marlon/Workshop/test/desafio_beon_tecnologia/src/controllers/file:/home/marlon/Workshop/test/desafio_beon_tecnologia/src/controllers/index.ts": {"lines":{"total":2,"covered":2,"skipped":0,"pct":100},"functions":{"total":0,"covered":0,"skipped":0,"pct":100},"statements":{"total":2,"covered":2,"skipped":0,"pct":100},"branches":{"total":0,"covered":0,"skipped":0,"pct":100}}
,"/home/marlon/Workshop/test/desafio_beon_tecnologia/src/file:/home/marlon/Workshop/test/desafio_beon_tecnologia/src/handler.ts": {"lines":{"total":29,"covered":29,"skipped":0,"pct":100},"functions":{"total":5,"covered":5,"skipped":0,"pct":100},"statements":{"total":40,"covered":37,"skipped":0,"pct":92.5},"branches":{"total":10,"covered":7,"skipped":0,"pct":70}}
,"/home/marlon/Workshop/test/desafio_beon_tecnologia/src/middlewares/file:/home/marlon/Workshop/test/desafio_beon_tecnologia/src/middlewares/CacheRedis.ts": {"lines":{"total":13,"covered":10,"skipped":0,"pct":76.92},"functions":{"total":6,"covered":4,"skipped":0,"pct":66.66},"statements":{"total":13,"covered":10,"skipped":0,"pct":76.92},"branches":{"total":2,"covered":2,"skipped":0,"pct":100}}
,"/home/marlon/Workshop/test/desafio_beon_tecnologia/src/middlewares/file:/home/marlon/Workshop/test/desafio_beon_tecnologia/src/middlewares/Validation.ts": {"lines":{"total":19,"covered":19,"skipped":0,"pct":100},"functions":{"total":4,"covered":4,"skipped":0,"pct":100},"statements":{"total":19,"covered":19,"skipped":0,"pct":100},"branches":{"total":3,"covered":3,"skipped":0,"pct":100}}
,"/home/marlon/Workshop/test/desafio_beon_tecnologia/src/middlewares/file:/home/marlon/Workshop/test/desafio_beon_tecnologia/src/middlewares/index.ts": {"lines":{"total":2,"covered":2,"skipped":0,"pct":100},"functions":{"total":2,"covered":2,"skipped":0,"pct":100},"statements":{"total":4,"covered":4,"skipped":0,"pct":100},"branches":{"total":0,"covered":0,"skipped":0,"pct":100}}
,"/home/marlon/Workshop/test/desafio_beon_tecnologia/src/models/file:/home/marlon/Workshop/test/desafio_beon_tecnologia/src/models/MongoModel.ts": {"lines":{"total":13,"covered":12,"skipped":0,"pct":92.3},"functions":{"total":6,"covered":5,"skipped":0,"pct":83.33},"statements":{"total":14,"covered":13,"skipped":0,"pct":92.85},"branches":{"total":0,"covered":0,"skipped":0,"pct":100}}
,"/home/marlon/Workshop/test/desafio_beon_tecnologia/src/models/file:/home/marlon/Workshop/test/desafio_beon_tecnologia/src/models/TodoModel.ts": {"lines":{"total":6,"covered":6,"skipped":0,"pct":100},"functions":{"total":1,"covered":1,"skipped":0,"pct":100},"statements":{"total":6,"covered":6,"skipped":0,"pct":100},"branches":{"total":3,"covered":3,"skipped":0,"pct":100}}
,"/home/marlon/Workshop/test/desafio_beon_tecnologia/src/models/file:/home/marlon/Workshop/test/desafio_beon_tecnologia/src/models/index.ts": {"lines":{"total":3,"covered":3,"skipped":0,"pct":100},"functions":{"total":1,"covered":1,"skipped":0,"pct":100},"statements":{"total":4,"covered":4,"skipped":0,"pct":100},"branches":{"total":0,"covered":0,"skipped":0,"pct":100}}
,"/home/marlon/Workshop/test/desafio_beon_tecnologia/src/schemas/file:/home/marlon/Workshop/test/desafio_beon_tecnologia/src/schemas/index.ts": {"lines":{"total":1,"covered":1,"skipped":0,"pct":100},"functions":{"total":0,"covered":0,"skipped":0,"pct":100},"statements":{"total":1,"covered":1,"skipped":0,"pct":100},"branches":{"total":0,"covered":0,"skipped":0,"pct":100}}
,"/home/marlon/Workshop/test/desafio_beon_tecnologia/src/schemas/file:/home/marlon/Workshop/test/desafio_beon_tecnologia/src/schemas/todoSchema.ts": {"lines":{"total":4,"covered":4,"skipped":0,"pct":100},"functions":{"total":3,"covered":3,"skipped":0,"pct":100},"statements":{"total":5,"covered":5,"skipped":0,"pct":100},"branches":{"total":0,"covered":0,"skipped":0,"pct":100}}
,"/home/marlon/Workshop/test/desafio_beon_tecnologia/src/services/file:/home/marlon/Workshop/test/desafio_beon_tecnologia/src/services/Service.ts": {"lines":{"total":10,"covered":9,"skipped":0,"pct":90},"functions":{"total":6,"covered":5,"skipped":0,"pct":83.33},"statements":{"total":12,"covered":11,"skipped":0,"pct":91.66},"branches":{"total":0,"covered":0,"skipped":0,"pct":100}}
,"/home/marlon/Workshop/test/desafio_beon_tecnologia/src/services/file:/home/marlon/Workshop/test/desafio_beon_tecnologia/src/services/TodoService.ts": {"lines":{"total":4,"covered":4,"skipped":0,"pct":100},"functions":{"total":1,"covered":1,"skipped":0,"pct":100},"statements":{"total":4,"covered":4,"skipped":0,"pct":100},"branches":{"total":0,"covered":0,"skipped":0,"pct":100}}
,"/home/marlon/Workshop/test/desafio_beon_tecnologia/src/services/file:/home/marlon/Workshop/test/desafio_beon_tecnologia/src/services/index.ts": {"lines":{"total":3,"covered":3,"skipped":0,"pct":100},"functions":{"total":1,"covered":1,"skipped":0,"pct":100},"statements":{"total":4,"covered":4,"skipped":0,"pct":100},"branches":{"total":0,"covered":0,"skipped":0,"pct":100}}
,"/home/marlon/Workshop/test/desafio_beon_tecnologia/src/utils/file:/home/marlon/Workshop/test/desafio_beon_tecnologia/src/utils/MessageUtil.ts": {"lines":{"total":16,"covered":16,"skipped":0,"pct":100},"functions":{"total":3,"covered":3,"skipped":0,"pct":100},"statements":{"total":16,"covered":16,"skipped":0,"pct":100},"branches":{"total":2,"covered":2,"skipped":0,"pct":100}}
,"/home/marlon/Workshop/test/desafio_beon_tecnologia/src/utils/file:/home/marlon/Workshop/test/desafio_beon_tecnologia/src/utils/ResultUtil.ts": {"lines":{"total":4,"covered":4,"skipped":0,"pct":100},"functions":{"total":2,"covered":2,"skipped":0,"pct":100},"statements":{"total":4,"covered":4,"skipped":0,"pct":100},"branches":{"total":0,"covered":0,"skipped":0,"pct":100}}
,"/home/marlon/Workshop/test/desafio_beon_tecnologia/src/utils/file:/home/marlon/Workshop/test/desafio_beon_tecnologia/src/utils/createErrorUtil.ts": {"lines":{"total":6,"covered":6,"skipped":0,"pct":100},"functions":{"total":1,"covered":1,"skipped":0,"pct":100},"statements":{"total":6,"covered":6,"skipped":0,"pct":100},"branches":{"total":0,"covered":0,"skipped":0,"pct":100}}
,"/home/marlon/Workshop/test/desafio_beon_tecnologia/src/utils/file:/home/marlon/Workshop/test/desafio_beon_tecnologia/src/utils/index.ts": {"lines":{"total":2,"covered":2,"skipped":0,"pct":100},"functions":{"total":2,"covered":2,"skipped":0,"pct":100},"statements":{"total":4,"covered":4,"skipped":0,"pct":100},"branches":{"total":0,"covered":0,"skipped":0,"pct":100}}
}
