TN:
SF:src/controllers/file:/home/marlon/Workshop/test/desafio_beon_tecnologia/src/controllers/Controller.ts
FN:9,(anonymous_0)
FN:14,(anonymous_1)
FN:30,(anonymous_2)
FN:48,(anonymous_3)
FN:74,(anonymous_4)
FN:97,(anonymous_5)
FNF:6
FNH:6
FNDA:1,(anonymous_0)
FNDA:2,(anonymous_1)
FNDA:2,(anonymous_2)
FNDA:1,(anonymous_3)
FNDA:1,(anonymous_4)
FNDA:1,(anonymous_5)
DA:4,1
DA:6,1
DA:10,1
DA:11,1
DA:14,1
DA:15,2
DA:17,2
DA:18,2
DA:19,1
DA:21,1
DA:23,1
DA:25,1
DA:26,1
DA:30,1
DA:31,2
DA:32,2
DA:34,2
DA:35,1
DA:38,1
DA:39,1
DA:41,1
DA:43,0
DA:44,0
DA:48,1
DA:49,1
DA:51,1
DA:52,1
DA:53,1
DA:56,0
DA:57,0
DA:59,0
DA:60,0
DA:62,0
DA:65,0
DA:67,0
DA:69,0
DA:70,0
DA:74,1
DA:75,1
DA:76,1
DA:78,1
DA:79,1
DA:80,1
DA:81,0
DA:83,0
DA:86,1
DA:88,1
DA:90,1
DA:92,0
DA:93,0
DA:97,1
DA:98,1
DA:99,1
DA:100,1
DA:102,1
DA:103,1
DA:105,1
DA:107,0
DA:112,1
LF:59
LH:43
BRDA:34,0,0,1
BRDA:34,0,1,1
BRDA:52,1,0,1
BRDA:52,1,1,0
BRDA:59,2,0,0
BRDA:59,2,1,0
BRDA:80,3,0,0
BRDA:80,3,1,1
BRF:8
BRH:4
end_of_record
TN:
SF:src/controllers/file:/home/marlon/Workshop/test/desafio_beon_tecnologia/src/controllers/TodoController.ts
FNF:0
FNH:0
DA:1,1
DA:6,1
LF:2
LH:2
BRF:0
BRH:0
end_of_record
TN:
SF:src/controllers/file:/home/marlon/Workshop/test/desafio_beon_tecnologia/src/controllers/index.ts
FNF:0
FNH:0
DA:1,1
DA:3,1
LF:2
LH:2
BRF:0
BRH:0
end_of_record
TN:
SF:src/file:/home/marlon/Workshop/test/desafio_beon_tecnologia/src/handler.ts
FN:21,(anonymous_1)
FN:29,(anonymous_2)
FN:31,(anonymous_3)
FN:39,(anonymous_4)
FN:49,(anonymous_5)
FNF:5
FNH:5
FNDA:5,(anonymous_1)
FNDA:2,(anonymous_2)
FNDA:2,(anonymous_3)
FNDA:1,(anonymous_4)
FNDA:1,(anonymous_5)
DA:3,1
DA:4,1
DA:6,1
DA:7,1
DA:8,1
DA:11,1
DA:12,1
DA:13,1
DA:14,1
DA:16,1
DA:21,1
DA:22,5
DA:24,5
DA:26,2
DA:29,2
DA:31,1
DA:32,2
DA:34,2
DA:36,1
DA:39,1
DA:40,1
DA:41,1
DA:43,1
DA:44,1
DA:46,1
DA:49,1
DA:50,1
DA:52,1
DA:54,1
LF:29
LH:29
BRDA:24,0,0,3
BRDA:24,0,1,2
BRDA:34,1,0,1
BRDA:34,1,1,1
BRDA:43,2,0,0
BRDA:43,2,1,1
BRDA:44,3,0,0
BRDA:44,3,1,1
BRDA:52,4,0,0
BRDA:52,4,1,1
BRF:10
BRH:7
end_of_record
TN:
SF:src/middlewares/file:/home/marlon/Workshop/test/desafio_beon_tecnologia/src/middlewares/CacheRedis.ts
FN:15,(anonymous_1)
FN:19,(anonymous_2)
FN:25,(anonymous_3)
FN:29,(anonymous_4)
FN:33,(anonymous_5)
FN:34,(anonymous_6)
FNF:6
FNH:4
FNDA:1,(anonymous_1)
FNDA:3,(anonymous_2)
FNDA:3,(anonymous_3)
FNDA:2,(anonymous_4)
FNDA:0,(anonymous_5)
FNDA:0,(anonymous_6)
DA:1,1
DA:3,1
DA:5,1
DA:16,1
DA:19,1
DA:20,3
DA:22,3
DA:26,3
DA:30,2
DA:34,0
DA:35,0
DA:37,0
DA:41,1
LF:13
LH:10
BRDA:22,0,0,2
BRDA:22,0,1,1
BRF:2
BRH:2
end_of_record
TN:
SF:src/middlewares/file:/home/marlon/Workshop/test/desafio_beon_tecnologia/src/middlewares/Validation.ts
FN:9,(anonymous_0)
FN:14,(anonymous_1)
FN:22,(anonymous_2)
FN:30,(anonymous_3)
FNF:4
FNH:4
FNDA:1,(anonymous_0)
FNDA:6,(anonymous_1)
FNDA:4,(anonymous_2)
FNDA:4,(anonymous_3)
DA:2,1
DA:3,1
DA:5,1
DA:10,1
DA:11,1
DA:14,1
DA:15,6
DA:16,6
DA:18,3
DA:22,1
DA:23,4
DA:24,4
DA:26,1
DA:30,1
DA:32,4
DA:33,4
DA:35,4
DA:39,4
DA:48,1
LF:19
LH:19
BRDA:32,0,0,4
BRDA:35,1,0,1
BRDA:35,1,1,3
BRF:3
BRH:3
end_of_record
TN:
SF:src/middlewares/file:/home/marlon/Workshop/test/desafio_beon_tecnologia/src/middlewares/index.ts
FN:1,(anonymous_1)
FN:2,(anonymous_2)
FNF:2
FNH:2
FNDA:1,(anonymous_1)
FNDA:1,(anonymous_2)
DA:1,2
DA:2,2
LF:2
LH:2
BRF:0
BRH:0
end_of_record
TN:
SF:src/models/file:/home/marlon/Workshop/test/desafio_beon_tecnologia/src/models/MongoModel.ts
FN:8,(anonymous_1)
FN:10,(anonymous_2)
FN:13,(anonymous_3)
FN:15,(anonymous_4)
FN:18,(anonymous_5)
FN:21,(anonymous_6)
FNF:6
FNH:5
FNDA:2,(anonymous_1)
FNDA:2,(anonymous_2)
FNDA:1,(anonymous_3)
FNDA:0,(anonymous_4)
FNDA:1,(anonymous_5)
FNDA:1,(anonymous_6)
DA:3,1
DA:6,1
DA:8,2
DA:10,2
DA:11,2
DA:13,2
DA:15,2
DA:16,0
DA:18,2
DA:19,1
DA:21,2
DA:22,1
DA:25,1
LF:13
LH:12
BRF:0
BRH:0
end_of_record
TN:
SF:src/models/file:/home/marlon/Workshop/test/desafio_beon_tecnologia/src/models/TodoModel.ts
FN:18,(anonymous_1)
FNF:1
FNH:1
FNDA:2,(anonymous_1)
DA:1,1
DA:2,1
DA:7,1
DA:18,2
DA:19,2
DA:23,1
LF:6
LH:6
BRDA:18,0,0,2
BRDA:18,1,0,2
BRDA:18,1,1,1
BRF:3
BRH:3
end_of_record
TN:
SF:src/models/file:/home/marlon/Workshop/test/desafio_beon_tecnologia/src/models/index.ts
FN:3,(anonymous_1)
FNF:1
FNH:1
FNDA:2,(anonymous_1)
DA:1,1
DA:3,3
DA:5,1
LF:3
LH:3
BRF:0
BRH:0
end_of_record
TN:
SF:src/schemas/file:/home/marlon/Workshop/test/desafio_beon_tecnologia/src/schemas/index.ts
FNF:0
FNH:0
DA:1,1
LF:1
LH:1
BRF:0
BRH:0
end_of_record
TN:
SF:src/schemas/file:/home/marlon/Workshop/test/desafio_beon_tecnologia/src/schemas/todoSchema.ts
FN:3,(anonymous_0)
FN:11,(anonymous_1)
FN:26,(anonymous_2)
FNF:3
FNH:3
FNDA:4,(anonymous_0)
FNDA:6,(anonymous_1)
FNDA:6,(anonymous_2)
DA:1,1
DA:3,4
DA:6,1
DA:37,1
LF:4
LH:4
BRF:0
BRH:0
end_of_record
TN:
SF:src/services/file:/home/marlon/Workshop/test/desafio_beon_tecnologia/src/services/Service.ts
FN:9,(anonymous_0)
FN:13,(anonymous_1)
FN:15,(anonymous_2)
FN:17,(anonymous_3)
FN:20,(anonymous_4)
FN:23,(anonymous_5)
FNF:6
FNH:5
FNDA:1,(anonymous_0)
FNDA:2,(anonymous_1)
FNDA:1,(anonymous_2)
FNDA:0,(anonymous_3)
FNDA:1,(anonymous_4)
FNDA:1,(anonymous_5)
DA:10,1
DA:13,2
DA:15,1
DA:17,1
DA:18,0
DA:20,1
DA:21,1
DA:23,1
DA:24,1
DA:27,1
LF:10
LH:9
BRF:0
BRH:0
end_of_record
TN:
SF:src/services/file:/home/marlon/Workshop/test/desafio_beon_tecnologia/src/services/TodoService.ts
FN:6,(anonymous_1)
FNF:1
FNH:1
FNDA:1,(anonymous_1)
DA:3,1
DA:7,1
DA:9,1
DA:13,1
LF:4
LH:4
BRF:0
BRH:0
end_of_record
TN:
SF:src/services/file:/home/marlon/Workshop/test/desafio_beon_tecnologia/src/services/index.ts
FN:3,(anonymous_1)
FNF:1
FNH:1
FNDA:1,(anonymous_1)
DA:1,1
DA:3,2
DA:5,1
LF:3
LH:3
BRF:0
BRH:0
end_of_record
TN:
SF:src/utils/file:/home/marlon/Workshop/test/desafio_beon_tecnologia/src/utils/MessageUtil.ts
FN:4,(anonymous_1)
FN:18,(anonymous_2)
FN:26,(anonymous_3)
FNF:3
FNH:3
FNDA:1,(anonymous_1)
FNDA:6,(anonymous_2)
FNDA:5,(anonymous_3)
DA:2,1
DA:4,1
DA:5,1
DA:6,1
DA:7,1
DA:8,1
DA:9,1
DA:10,1
DA:11,1
DA:12,1
DA:13,1
DA:14,1
DA:21,6
DA:23,6
DA:29,5
DA:48,1
LF:16
LH:16
BRDA:4,0,0,1
BRDA:4,0,1,1
BRF:2
BRH:2
end_of_record
TN:
SF:src/utils/file:/home/marlon/Workshop/test/desafio_beon_tecnologia/src/utils/ResultUtil.ts
FN:6,(anonymous_0)
FN:11,(anonymous_1)
FNF:2
FNH:2
FNDA:11,(anonymous_0)
FNDA:11,(anonymous_1)
DA:7,11
DA:8,11
DA:12,11
DA:19,1
LF:4
LH:4
BRF:0
BRH:0
end_of_record
TN:
SF:src/utils/file:/home/marlon/Workshop/test/desafio_beon_tecnologia/src/utils/createErrorUtil.ts
FN:1,(anonymous_0)
FNF:1
FNH:1
FNDA:5,(anonymous_0)
DA:1,1
DA:2,5
DA:3,5
DA:4,5
DA:5,5
DA:8,1
LF:6
LH:6
BRF:0
BRH:0
end_of_record
TN:
SF:src/utils/file:/home/marlon/Workshop/test/desafio_beon_tecnologia/src/utils/index.ts
FN:1,(anonymous_1)
FN:2,(anonymous_2)
FNF:2
FNH:2
FNDA:11,(anonymous_1)
FNDA:5,(anonymous_2)
DA:1,12
DA:2,6
LF:2
LH:2
BRF:0
BRH:0
end_of_record
